
ROM used:   182/8192 (2%)
            182/8192 (2%) including unused fragments

            0.2 Average locations per line
            5.4 Average locations per statement

RAM used:   22/368 (6%) at main() level
            22/368 (6%) worst case

Stack used: 1 worst case (0 in main + 1 for interrupts)
Stack size: 8

Lines Stmts  %   Files
----- ----- ---  -----
  116    34 100  Decodificador8QAM.c
  768     0   0  ..\..\..\..\..\..\..\Program Files (x86)\PICC\Devices\16F887.h
----- -----
  884    34 Total

Page ROM  %  RAM   Vol Diff  Functions:
---- --- --- ---   --- ----  ----------
0     91  50    0   697  6.2  control
0     44  24    0   204  2.3  MAIN
 Inline         0             @cinit1

Program metrics:
    Functions               2
    Statements              34
    Comments                181
    Volume (V)              1040
    Difficulty (D)          8.4
    Effort to implement (E) 8691
    Time to implement (T)   8 minutes
    Est Delivered Bugs (B)  0
    Cyclomatic Complexity   7
    Maintainability (MI)    133

 Segment     Used  Free
-----------  ----  ----
00000-00003     4  0  
00004-0002E    43  0  
0002F-007FF   135  1866  
00800-00FFF     0  2048  
01000-017FF     0  2048  
01800-01FFF     0  2048  



