
ROM used:   70/8192 (1%)
            70/8192 (1%) including unused fragments

            0.1 Average locations per line
            17.5 Average locations per statement

RAM used:   34/368 (9%) at main() level
            34/368 (9%) worst case

Stack used: 0 worst case (0 in main + 0 for interrupts)
Stack size: 8

Lines Stmts  %   Files
----- ----- ---  -----
   90     4 100  Codificador8QAM.c
  776     0   0  ..\..\..\..\..\Program Files (x86)\PICC\Devices\16F887.h
----- -----
  866     4 Total

Page ROM  %  RAM    Vol Diff  Functions:
---- --- --- ---    --- ----  ----------
0     66  94    0     66  2.3  main
 Inline         0    181  2.3  @cinit1

Program metrics:
    Functions               2
    Statements              4
    Comments                192
    Volume (V)              298
    Difficulty (D)          4.7
    Effort to implement (E) 1413
    Time to implement (T)   1 minutes
    Est Delivered Bugs (B)  0
    Cyclomatic Complexity   1
    Maintainability (MI)    159

 Segment     Used  Free
-----------  ----  ----
00000-00003     4  0  
00004-007FF    66  1978  
00800-00FFF     0  2048  
01000-017FF     0  2048  
01800-01FFF     0  2048  



