CCS PCM C Compiler, Version 5.015, 5967               09-feb.-18 22:30

               Filename:   C:\Users\Katherine\Documents\CCS C Projects\Codificador8QAM.lst

               ROM used:   69 words (1%)
                           Largest free fragment is 2048
               RAM used:   6 (2%) at main() level
                           7 (2%) worst case
               Stack used: 1 locations
               Stack size: 8

*
0000:  MOVLW  00
0001:  MOVWF  0A
0002:  GOTO   015
0003:  NOP
.................... #include <16F887.h>         // Modify for your chip 
.................... //////////// Standard Header file for the PIC16F887 device //////////////// 
.................... /////////////////////////////////////////////////////////////////////////// 
.................... ////        (C) Copyright 1996, 2013 Custom Computer Services          //// 
.................... //// This source code may only be used by licensed users of the CCS C  //// 
.................... //// compiler.  This source code may only be distributed to other      //// 
.................... //// licensed users of the CCS C compiler.  No other use, reproduction //// 
.................... //// or distribution is permitted without written permission.          //// 
.................... //// Derivative programs created using this software in object code    //// 
.................... //// form are not restricted in any way.                               //// 
.................... /////////////////////////////////////////////////////////////////////////// 
.................... #device PIC16F887 
....................  
.................... #list 
....................  
....................  
.................... #use delay(internal=8mhz)   // Modify for your clock and freq 
0004:  MOVLW  08
0005:  SUBWF  22,F
0006:  BTFSS  03.0
0007:  GOTO   014
0008:  MOVLW  22
0009:  MOVWF  04
000A:  BCF    03.7
000B:  BCF    03.0
000C:  RRF    00,F
000D:  MOVF   00,W
000E:  BTFSC  03.2
000F:  GOTO   014
0010:  GOTO   012
0011:  NOP
0012:  DECFSZ 00,F
0013:  GOTO   011
0014:  RETURN
....................                             //   for example: internal=8mhz 
.................... //#fuses XT,NOMCLR,NOWDT,PUT,NOLVP... 
....................  
.................... //en XT le dice al pic que lleva un oscilador conectado <4mhz 
.................... //el NOMCLR le dice al pic que deshabilita el pin masterclear, desactiva el reset externo por el pic MCLR 
.................... //el NOWDT le dice al pic que deshabilita el Watchdog timer "perro guardian" 
.................... //el PUT habilita el Power Up Timer, tiempo de espera para estabilizacion de alimentacion 
.................... //el NOLVP deshabilita un pin asignado para la programacion de bajo voltaje... low voltage programing 
....................  
.................... void main(void) { 
0015:  MOVF   03,W
0016:  ANDLW  1F
0017:  MOVWF  03
0018:  MOVLW  71
0019:  BSF    03.5
001A:  MOVWF  0F
001B:  MOVF   0F,W
001C:  BSF    03.6
001D:  MOVF   09,W
001E:  ANDLW  C0
001F:  MOVWF  09
0020:  BCF    03.6
0021:  BCF    1F.4
0022:  BCF    1F.5
0023:  MOVLW  00
0024:  BSF    03.6
0025:  MOVWF  08
0026:  BCF    03.5
0027:  CLRF   07
0028:  CLRF   08
0029:  CLRF   09
002A:  BCF    03.7
....................     while(TRUE) {           // Produces a 1khz square wave on pin B0 
....................         output_high(PIN_B0); 
002B:  BSF    03.5
002C:  BCF    03.6
002D:  BCF    06.0
002E:  BCF    03.5
002F:  BSF    06.0
....................         delay_us(500); 
0030:  MOVLW  02
0031:  MOVWF  21
0032:  MOVLW  F8
0033:  MOVWF  22
0034:  CALL   004
0035:  DECFSZ 21,F
0036:  GOTO   032
....................         output_low(PIN_B0); 
0037:  BSF    03.5
0038:  BCF    06.0
0039:  BCF    03.5
003A:  BCF    06.0
....................         delay_us(500); 
003B:  MOVLW  02
003C:  MOVWF  21
003D:  MOVLW  F8
003E:  MOVWF  22
003F:  CALL   004
0040:  DECFSZ 21,F
0041:  GOTO   03D
0042:  BSF    03.6
0043:  GOTO   02B
....................     } 
.................... } 
0044:  SLEEP

Configuration Fuses:
   Word  1: 2FE4   INTRC_IO NOWDT PUT MCLR NOPROTECT NOCPD BROWNOUT IESO FCMEN NOLVP NODEBUG
   Word  2: 3FFF   BORV40 NOWRT
