<<<<<<< HEAD

ROM used:   195/2048 (10%)
            195/2048 (10%) including unused fragments

            0.3 Average locations per line
            4.6 Average locations per statement

RAM used:   42/224 (19%) at main() level
            45/224 (20%) worst case

Stack used: 1 worst case (0 in main + 1 for interrupts)
Stack size: 8

Lines Stmts  %   Files
----- ----- ---  -----
  100    42 100  Codificador8QAM.c
  521     0   0  ..\..\..\..\..\..\..\Program Files (x86)\PICC\Devices\16F628A.h
----- -----
  621    42 Total

Page ROM  %  RAM    Vol Diff  Functions:
---- --- --- ---    --- ----  ----------
0     81  42    3    619  4.3  control
0     67  34    0    253  2.3  MAIN
 Inline         0             @cinit1

Program metrics:
    Functions               2
    Statements              42
    Comments                117
    Volume (V)              1019
    Difficulty (D)          6.5
    Effort to implement (E) 6631
    Time to implement (T)   6 minutes
    Est Delivered Bugs (B)  0
    Cyclomatic Complexity   6
    Maintainability (MI)    56

 Segment     Used  Free
-----------  ----  ----
00000-00003     4  0  
00004-0002E    43  0  
0002F-007FF   148  1853  



=======

ROM used:   195/2048 (10%)
            195/2048 (10%) including unused fragments

            0.3 Average locations per line
            4.6 Average locations per statement

RAM used:   42/224 (19%) at main() level
            45/224 (20%) worst case

Stack used: 1 worst case (0 in main + 1 for interrupts)
Stack size: 8

Lines Stmts  %   Files
----- ----- ---  -----
  101    42 100  Codificador8QAM.c
  518     0   0  ..\..\..\..\..\..\..\Program Files (x86)\PICC\Devices\16F628A.h
----- -----
  619    42 Total

Page ROM  %  RAM   Vol Diff  Functions:
---- --- --- ---   --- ----  ----------
0     81  42    3   619  4.3  control
0     67  34    0   253  2.3  MAIN
 Inline         0   253  2.3  @cinit1

Program metrics:
    Functions               3
    Statements              42
    Comments                116
    Volume (V)              1438
    Difficulty (D)          8.9
    Effort to implement (E) 12803
    Time to implement (T)   12 minutes
    Est Delivered Bugs (B)  0
    Cyclomatic Complexity   6
    Maintainability (MI)    85

 Segment     Used  Free
-----------  ----  ----
00000-00003     4  0  
00004-0002E    43  0  
0002F-007FF   148  1853  



>>>>>>> 4360e3e04234cae2a4c5382c5c3a904f807d263f
